<?xml version="1.0" encoding="UTF-8"?>
<testsuites name="Verify Schema json" time="9.744" tests="5" failures="0" errors="1">
   <testsuite name="Verify Schema json" tests="5" failures="0" errors="1" time="9.744" skipped="0" timestamp="2025-10-25 23:21:56" hostname="rilaa - JustR" id="Test Suites/Verify Schema json">
      <properties>
         <property name="deviceName" value=""/>
         <property name="devicePlatform" value=""/>
         <property name="logFolder" value="D:\\Ra\\Katalon\\Katalon Mock API\\Reports\\20251025_232138\\Verify Schema json\\20251025_232139"/>
         <property name="logFiles" value="D:\\Ra\\Katalon\\Katalon Mock API\\Reports\\20251025_232138\\Verify Schema json\\20251025_232139\\execution0.log"/>
         <property name="attachments" value=""/>
         <property name="hostName" value="rilaa - JustR"/>
         <property name="hostAddress" value="192.168.0.116"/>
         <property name="os" value="Windows 10 64bit"/>
         <property name="katalonVersion" value="8.3.0.208"/>
      </properties>
      <testcase name="Test Cases/Verifikasi Schema/POST - Create a New User" time="5.337" classname="Test Cases/Verifikasi Schema/POST - Create a New User" status="PASSED">
         <system-out><![CDATA[2025-10-25 23:21:56 - [TEST_CASE][PASSED] - Test Cases/Verifikasi Schema/POST - Create a New User: Test Cases/Verifikasi Schema/POST - Create a New User

2025-10-25 23:21:56 - [TEST_STEP][PASSED] - defaultPackage.RandomData.setRandomUserData(): defaultPackage.RandomData.setRandomUserData is PASSED

2025-10-25 23:21:56 - [MESSAGE][PASSED] - defaultPackage.RandomData.setRandomUserData is PASSED

2025-10-25 23:21:56 - [TEST_STEP][PASSED] - println("Random ID yang digunakan: " + randomId): null

2025-10-25 23:21:56 - [TEST_STEP][PASSED] - response = sendRequestAndVerify(findTestObject("POST - Create a New User")): Send request and verify the response successfully

2025-10-25 23:22:00 - [MESSAGE][INFO] - HAR: D:\Ra\Katalon\Katalon Mock API\Reports\20251025_232138\Verify Schema json\20251025_232139\requests\main\0.har

2025-10-25 23:22:00 - [TEST_CASE][PASSED] - Start Test Case : Verification: Verification accomplished successfully

2025-10-25 23:22:01 - [TEST_STEP][PASSED] - request = getInstance().getCurrentRequest(): null

2025-10-25 23:22:01 - [TEST_STEP][PASSED] - response = getInstance().getCurrentResponse(): null

2025-10-25 23:22:01 - [TEST_STEP][PASSED] - verifyResponseStatusCode(response, 201): Verify response status code successfully

2025-10-25 23:22:01 - [MESSAGE][PASSED] - Verify response status code successfully

2025-10-25 23:22:01 - [TEST_STEP][PASSED] - getStatusCode()).isEqualTo(201): null

2025-10-25 23:22:01 - [MESSAGE][PASSED] - Verify response successfully

2025-10-25 23:22:01 - [MESSAGE][PASSED] - Send request and verify the response successfully

2025-10-25 23:22:01 - [TEST_STEP][PASSED] - println(response.getResponseBodyContent()): null

2025-10-25 23:22:01 - [TEST_STEP][PASSED] - schemaPath = getProjectDir() + "/Include/schemas/create_a_new_user.json": null

2025-10-25 23:22:01 - [TEST_STEP][PASSED] - schemaFile = new java.io.File(schemaPath): null

2025-10-25 23:22:01 - [TEST_STEP][PASSED] - schemaJson = new org.json.JSONObject(new org.json.JSONTokener(new java.io.FileInputStream(schemaFile))): null

2025-10-25 23:22:01 - [TEST_STEP][PASSED] - responseJson = new org.json.JSONArray(response.getResponseBodyContent()): null

2025-10-25 23:22:01 - [TEST_STEP][PASSED] - load(schemaJson).validate(responseJson): null]]></system-out>
         <system-err><![CDATA[]]></system-err>
      </testcase>
      <testcase name="Test Cases/Verifikasi Schema/GET - All Users" time="0.971" classname="Test Cases/Verifikasi Schema/GET - All Users" status="ERROR">
         <error type="ERROR" message="Test Cases/Verifikasi Schema/GET - All Users FAILED.
Reason:
org.everit.json.schema.ValidationException: #/98/job_level: #: only 1 subschema matches out of 2
	at org.everit.json.schema.ValidationException.copy(ValidationException.java:486)
	at org.everit.json.schema.DefaultValidator.performValidation(Validator.java:76)
	at org.everit.json.schema.Schema.validate(Schema.java:152)
	at org.everit.json.schema.Schema$validate.call(Unknown Source)
	at GET - All Users.run(GET - All Users:37)
	at com.kms.katalon.core.main.ScriptEngine.run(ScriptEngine.java:194)
	at com.kms.katalon.core.main.ScriptEngine.runScriptAsRawText(ScriptEngine.java:119)
	at com.kms.katalon.core.main.TestCaseExecutor.runScript(TestCaseExecutor.java:445)
	at com.kms.katalon.core.main.TestCaseExecutor.doExecute(TestCaseExecutor.java:436)
	at com.kms.katalon.core.main.TestCaseExecutor.processExecutionPhase(TestCaseExecutor.java:415)
	at com.kms.katalon.core.main.TestCaseExecutor.accessMainPhase(TestCaseExecutor.java:407)
	at com.kms.katalon.core.main.TestCaseExecutor.execute(TestCaseExecutor.java:284)
	at com.kms.katalon.core.common.CommonExecutor.accessTestCaseMainPhase(CommonExecutor.java:65)
	at com.kms.katalon.core.main.TestSuiteExecutor.accessTestSuiteMainPhase(TestSuiteExecutor.java:144)
	at com.kms.katalon.core.main.TestSuiteExecutor.execute(TestSuiteExecutor.java:106)
	at com.kms.katalon.core.main.TestCaseMain.startTestSuite(TestCaseMain.java:185)
	at com.kms.katalon.core.main.TestCaseMain$startTestSuite$0.call(Unknown Source)
	at TempTestSuite1761409299013.run(TempTestSuite1761409299013.groovy:36)
"/>
         <system-out><![CDATA[2025-10-25 23:22:01 - [TEST_CASE][ERROR] - Test Cases/Verifikasi Schema/GET - All Users: Test Cases/Verifikasi Schema/GET - All Users FAILED.
Reason:
org.everit.json.schema.ValidationException: #/98/job_level: #: only 1 subschema matches out of 2
	at org.everit.json.schema.ValidationException.copy(ValidationException.java:486)
	at org.everit.json.schema.DefaultValidator.performValidation(Validator.java:76)
	at org.everit.json.schema.Schema.validate(Schema.java:152)
	at org.everit.json.schema.Schema$validate.call(Unknown Source)
	at GET - All Users.run(GET - All Users:37)
	at com.kms.katalon.core.main.ScriptEngine.run(ScriptEngine.java:194)
	at com.kms.katalon.core.main.ScriptEngine.runScriptAsRawText(ScriptEngine.java:119)
	at com.kms.katalon.core.main.TestCaseExecutor.runScript(TestCaseExecutor.java:445)
	at com.kms.katalon.core.main.TestCaseExecutor.doExecute(TestCaseExecutor.java:436)
	at com.kms.katalon.core.main.TestCaseExecutor.processExecutionPhase(TestCaseExecutor.java:415)
	at com.kms.katalon.core.main.TestCaseExecutor.accessMainPhase(TestCaseExecutor.java:407)
	at com.kms.katalon.core.main.TestCaseExecutor.execute(TestCaseExecutor.java:284)
	at com.kms.katalon.core.common.CommonExecutor.accessTestCaseMainPhase(CommonExecutor.java:65)
	at com.kms.katalon.core.main.TestSuiteExecutor.accessTestSuiteMainPhase(TestSuiteExecutor.java:144)
	at com.kms.katalon.core.main.TestSuiteExecutor.execute(TestSuiteExecutor.java:106)
	at com.kms.katalon.core.main.TestCaseMain.startTestSuite(TestCaseMain.java:185)
	at com.kms.katalon.core.main.TestCaseMain$startTestSuite$0.call(Unknown Source)
	at TempTestSuite1761409299013.run(TempTestSuite1761409299013.groovy:36)


2025-10-25 23:22:01 - [TEST_STEP][PASSED] - response = sendRequestAndVerify(findTestObject("GET - All Users")): Send request and verify the response successfully

2025-10-25 23:22:02 - [MESSAGE][INFO] - HAR: D:\Ra\Katalon\Katalon Mock API\Reports\20251025_232138\Verify Schema json\20251025_232139\requests\main\1.har

2025-10-25 23:22:02 - [TEST_CASE][PASSED] - Start Test Case : Verification: Verification accomplished successfully

2025-10-25 23:22:02 - [TEST_STEP][PASSED] - request = getInstance().getCurrentRequest(): null

2025-10-25 23:22:02 - [TEST_STEP][PASSED] - response = getInstance().getCurrentResponse(): null

2025-10-25 23:22:02 - [TEST_STEP][PASSED] - verifyResponseStatusCode(response, 200): Verify response status code successfully

2025-10-25 23:22:02 - [MESSAGE][PASSED] - Verify response status code successfully

2025-10-25 23:22:02 - [TEST_STEP][PASSED] - getStatusCode()).isEqualTo(200): null

2025-10-25 23:22:02 - [MESSAGE][PASSED] - Verify response successfully

2025-10-25 23:22:02 - [MESSAGE][PASSED] - Send request and verify the response successfully

2025-10-25 23:22:02 - [TEST_STEP][PASSED] - println(response.getResponseBodyContent()): null

2025-10-25 23:22:02 - [TEST_STEP][PASSED] - schemaPath = getProjectDir() + "/Include/schemas/get_ all_users.json": null

2025-10-25 23:22:02 - [TEST_STEP][PASSED] - schemaFile = new java.io.File(schemaPath): null

2025-10-25 23:22:02 - [TEST_STEP][PASSED] - schemaJson = new org.json.JSONObject(new org.json.JSONTokener(new java.io.FileInputStream(schemaFile))): null

2025-10-25 23:22:02 - [TEST_STEP][PASSED] - responseJson = new org.json.JSONArray(response.getResponseBodyContent()): null

2025-10-25 23:22:02 - [TEST_STEP][ERROR] - load(schemaJson).validate(responseJson): Test Cases/Verifikasi Schema/GET - All Users FAILED.
Reason:
org.everit.json.schema.ValidationException: #/98/job_level: #: only 1 subschema matches out of 2
	at org.everit.json.schema.ValidationException.copy(ValidationException.java:486)
	at org.everit.json.schema.DefaultValidator.performValidation(Validator.java:76)
	at org.everit.json.schema.Schema.validate(Schema.java:152)
	at org.everit.json.schema.Schema$validate.call(Unknown Source)
	at GET - All Users.run(GET - All Users:37)
	at com.kms.katalon.core.main.ScriptEngine.run(ScriptEngine.java:194)
	at com.kms.katalon.core.main.ScriptEngine.runScriptAsRawText(ScriptEngine.java:119)
	at com.kms.katalon.core.main.TestCaseExecutor.runScript(TestCaseExecutor.java:445)
	at com.kms.katalon.core.main.TestCaseExecutor.doExecute(TestCaseExecutor.java:436)
	at com.kms.katalon.core.main.TestCaseExecutor.processExecutionPhase(TestCaseExecutor.java:415)
	at com.kms.katalon.core.main.TestCaseExecutor.accessMainPhase(TestCaseExecutor.java:407)
	at com.kms.katalon.core.main.TestCaseExecutor.execute(TestCaseExecutor.java:284)
	at com.kms.katalon.core.common.CommonExecutor.accessTestCaseMainPhase(CommonExecutor.java:65)
	at com.kms.katalon.core.main.TestSuiteExecutor.accessTestSuiteMainPhase(TestSuiteExecutor.java:144)
	at com.kms.katalon.core.main.TestSuiteExecutor.execute(TestSuiteExecutor.java:106)
	at com.kms.katalon.core.main.TestCaseMain.startTestSuite(TestCaseMain.java:185)
	at com.kms.katalon.core.main.TestCaseMain$startTestSuite$0.call(Unknown Source)
	at TempTestSuite1761409299013.run(TempTestSuite1761409299013.groovy:36)


2025-10-25 23:22:02 - [MESSAGE][ERROR] - Test Cases/Verifikasi Schema/GET - All Users FAILED.
Reason:
org.everit.json.schema.ValidationException: #/98/job_level: #: only 1 subschema matches out of 2
	at org.everit.json.schema.ValidationException.copy(ValidationException.java:486)
	at org.everit.json.schema.DefaultValidator.performValidation(Validator.java:76)
	at org.everit.json.schema.Schema.validate(Schema.java:152)
	at org.everit.json.schema.Schema$validate.call(Unknown Source)
	at GET - All Users.run(GET - All Users:37)
	at com.kms.katalon.core.main.ScriptEngine.run(ScriptEngine.java:194)
	at com.kms.katalon.core.main.ScriptEngine.runScriptAsRawText(ScriptEngine.java:119)
	at com.kms.katalon.core.main.TestCaseExecutor.runScript(TestCaseExecutor.java:445)
	at com.kms.katalon.core.main.TestCaseExecutor.doExecute(TestCaseExecutor.java:436)
	at com.kms.katalon.core.main.TestCaseExecutor.processExecutionPhase(TestCaseExecutor.java:415)
	at com.kms.katalon.core.main.TestCaseExecutor.accessMainPhase(TestCaseExecutor.java:407)
	at com.kms.katalon.core.main.TestCaseExecutor.execute(TestCaseExecutor.java:284)
	at com.kms.katalon.core.common.CommonExecutor.accessTestCaseMainPhase(CommonExecutor.java:65)
	at com.kms.katalon.core.main.TestSuiteExecutor.accessTestSuiteMainPhase(TestSuiteExecutor.java:144)
	at com.kms.katalon.core.main.TestSuiteExecutor.execute(TestSuiteExecutor.java:106)
	at com.kms.katalon.core.main.TestCaseMain.startTestSuite(TestCaseMain.java:185)
	at com.kms.katalon.core.main.TestCaseMain$startTestSuite$0.call(Unknown Source)
	at TempTestSuite1761409299013.run(TempTestSuite1761409299013.groovy:36)]]></system-out>
         <system-err><![CDATA[2025-10-25 23:22:01 - [TEST_CASE][ERROR] - Test Cases/Verifikasi Schema/GET - All Users: Test Cases/Verifikasi Schema/GET - All Users FAILED.
Reason:
org.everit.json.schema.ValidationException: #/98/job_level: #: only 1 subschema matches out of 2
	at org.everit.json.schema.ValidationException.copy(ValidationException.java:486)
	at org.everit.json.schema.DefaultValidator.performValidation(Validator.java:76)
	at org.everit.json.schema.Schema.validate(Schema.java:152)
	at org.everit.json.schema.Schema$validate.call(Unknown Source)
	at GET - All Users.run(GET - All Users:37)
	at com.kms.katalon.core.main.ScriptEngine.run(ScriptEngine.java:194)
	at com.kms.katalon.core.main.ScriptEngine.runScriptAsRawText(ScriptEngine.java:119)
	at com.kms.katalon.core.main.TestCaseExecutor.runScript(TestCaseExecutor.java:445)
	at com.kms.katalon.core.main.TestCaseExecutor.doExecute(TestCaseExecutor.java:436)
	at com.kms.katalon.core.main.TestCaseExecutor.processExecutionPhase(TestCaseExecutor.java:415)
	at com.kms.katalon.core.main.TestCaseExecutor.accessMainPhase(TestCaseExecutor.java:407)
	at com.kms.katalon.core.main.TestCaseExecutor.execute(TestCaseExecutor.java:284)
	at com.kms.katalon.core.common.CommonExecutor.accessTestCaseMainPhase(CommonExecutor.java:65)
	at com.kms.katalon.core.main.TestSuiteExecutor.accessTestSuiteMainPhase(TestSuiteExecutor.java:144)
	at com.kms.katalon.core.main.TestSuiteExecutor.execute(TestSuiteExecutor.java:106)
	at com.kms.katalon.core.main.TestCaseMain.startTestSuite(TestCaseMain.java:185)
	at com.kms.katalon.core.main.TestCaseMain$startTestSuite$0.call(Unknown Source)
	at TempTestSuite1761409299013.run(TempTestSuite1761409299013.groovy:36)]]></system-err>
      </testcase>
      <testcase name="Test Cases/Verifikasi Schema/GET - Single User" time="1.42" classname="Test Cases/Verifikasi Schema/GET - Single User" status="PASSED">
         <system-out><![CDATA[2025-10-25 23:22:02 - [TEST_CASE][PASSED] - Test Cases/Verifikasi Schema/GET - Single User: Test Cases/Verifikasi Schema/GET - Single User

2025-10-25 23:22:02 - [TEST_STEP][PASSED] - defaultPackage.RandomData.setRandomUserData(): defaultPackage.RandomData.setRandomUserData is PASSED

2025-10-25 23:22:02 - [MESSAGE][PASSED] - defaultPackage.RandomData.setRandomUserData is PASSED

2025-10-25 23:22:02 - [TEST_STEP][PASSED] - println("Random ID yang digunakan: " + randomId): null

2025-10-25 23:22:02 - [TEST_STEP][PASSED] - response = sendRequestAndVerify(findTestObject("GET - Single User", ["UserId":randomId])): Send request and verify the response successfully

2025-10-25 23:22:03 - [MESSAGE][INFO] - HAR: D:\Ra\Katalon\Katalon Mock API\Reports\20251025_232138\Verify Schema json\20251025_232139\requests\main\2.har

2025-10-25 23:22:03 - [TEST_CASE][PASSED] - Start Test Case : Verification: Verification accomplished successfully

2025-10-25 23:22:03 - [TEST_STEP][PASSED] - request = getInstance().getCurrentRequest(): null

2025-10-25 23:22:03 - [TEST_STEP][PASSED] - response = getInstance().getCurrentResponse(): null

2025-10-25 23:22:03 - [TEST_STEP][PASSED] - verifyResponseStatusCode(response, 200): Verify response status code successfully

2025-10-25 23:22:03 - [MESSAGE][PASSED] - Verify response status code successfully

2025-10-25 23:22:03 - [TEST_STEP][PASSED] - getStatusCode()).isEqualTo(200): null

2025-10-25 23:22:03 - [MESSAGE][PASSED] - Verify response successfully

2025-10-25 23:22:03 - [MESSAGE][PASSED] - Send request and verify the response successfully

2025-10-25 23:22:03 - [TEST_STEP][PASSED] - println(response.getResponseBodyContent()): null

2025-10-25 23:22:03 - [TEST_STEP][PASSED] - schemaPath = getProjectDir() + "/Include/schemas/get_single_user.json": null

2025-10-25 23:22:03 - [TEST_STEP][PASSED] - schemaFile = new java.io.File(schemaPath): null

2025-10-25 23:22:03 - [TEST_STEP][PASSED] - schemaJson = new org.json.JSONObject(new org.json.JSONTokener(new java.io.FileInputStream(schemaFile))): null

2025-10-25 23:22:04 - [TEST_STEP][PASSED] - responseJson = new org.json.JSONArray(response.getResponseBodyContent()): null

2025-10-25 23:22:04 - [TEST_STEP][PASSED] - load(schemaJson).validate(responseJson): null]]></system-out>
         <system-err><![CDATA[]]></system-err>
      </testcase>
      <testcase name="Test Cases/Verifikasi Schema/PATCH - Update a User" time="0.874" classname="Test Cases/Verifikasi Schema/PATCH - Update a User" status="PASSED">
         <system-out><![CDATA[2025-10-25 23:22:04 - [TEST_CASE][PASSED] - Test Cases/Verifikasi Schema/PATCH - Update a User: Test Cases/Verifikasi Schema/PATCH - Update a User

2025-10-25 23:22:04 - [TEST_STEP][PASSED] - defaultPackage.RandomData.setRandomUserData(): defaultPackage.RandomData.setRandomUserData is PASSED

2025-10-25 23:22:04 - [MESSAGE][PASSED] - defaultPackage.RandomData.setRandomUserData is PASSED

2025-10-25 23:22:04 - [TEST_STEP][PASSED] - println("Random ID yang digunakan: " + randomId): null

2025-10-25 23:22:04 - [TEST_STEP][PASSED] - response = sendRequestAndVerify(findTestObject("PATCH - Update a User", ["UserId":randomId])): Send request and verify the response successfully

2025-10-25 23:22:04 - [MESSAGE][INFO] - HAR: D:\Ra\Katalon\Katalon Mock API\Reports\20251025_232138\Verify Schema json\20251025_232139\requests\main\3.har

2025-10-25 23:22:04 - [TEST_CASE][PASSED] - Start Test Case : Verification: Verification accomplished successfully

2025-10-25 23:22:04 - [TEST_STEP][PASSED] - request = getInstance().getCurrentRequest(): null

2025-10-25 23:22:04 - [TEST_STEP][PASSED] - response = getInstance().getCurrentResponse(): null

2025-10-25 23:22:04 - [TEST_STEP][PASSED] - verifyResponseStatusCode(response, 200): Verify response status code successfully

2025-10-25 23:22:04 - [MESSAGE][PASSED] - Verify response status code successfully

2025-10-25 23:22:04 - [TEST_STEP][PASSED] - getStatusCode()).isEqualTo(200): null

2025-10-25 23:22:04 - [MESSAGE][PASSED] - Verify response successfully

2025-10-25 23:22:04 - [MESSAGE][PASSED] - Send request and verify the response successfully

2025-10-25 23:22:04 - [TEST_STEP][PASSED] - println(response.getResponseBodyContent()): null

2025-10-25 23:22:04 - [TEST_STEP][PASSED] - schemaPath = getProjectDir() + "/Include/schemas/update_a_user.json": null

2025-10-25 23:22:04 - [TEST_STEP][PASSED] - schemaFile = new java.io.File(schemaPath): null

2025-10-25 23:22:04 - [TEST_STEP][PASSED] - schemaJson = new org.json.JSONObject(new org.json.JSONTokener(new java.io.FileInputStream(schemaFile))): null

2025-10-25 23:22:04 - [TEST_STEP][PASSED] - responseJson = new org.json.JSONArray(response.getResponseBodyContent()): null

2025-10-25 23:22:04 - [TEST_STEP][PASSED] - load(schemaJson).validate(responseJson): null]]></system-out>
         <system-err><![CDATA[]]></system-err>
      </testcase>
      <testcase name="Test Cases/Verifikasi Schema/DELETE - Delete a User" time="0.851" classname="Test Cases/Verifikasi Schema/DELETE - Delete a User" status="PASSED">
         <system-out><![CDATA[2025-10-25 23:22:04 - [TEST_CASE][PASSED] - Test Cases/Verifikasi Schema/DELETE - Delete a User: Test Cases/Verifikasi Schema/DELETE - Delete a User

2025-10-25 23:22:05 - [TEST_STEP][PASSED] - defaultPackage.RandomData.setRandomUserData(): defaultPackage.RandomData.setRandomUserData is PASSED

2025-10-25 23:22:05 - [MESSAGE][PASSED] - defaultPackage.RandomData.setRandomUserData is PASSED

2025-10-25 23:22:05 - [TEST_STEP][PASSED] - println("Random ID yang digunakan: " + randomId): null

2025-10-25 23:22:05 - [TEST_STEP][PASSED] - response = sendRequestAndVerify(findTestObject("DELETE - Delete a User", ["UserId":randomId])): Send request and verify the response successfully

2025-10-25 23:22:05 - [MESSAGE][INFO] - HAR: D:\Ra\Katalon\Katalon Mock API\Reports\20251025_232138\Verify Schema json\20251025_232139\requests\main\4.har

2025-10-25 23:22:05 - [TEST_CASE][PASSED] - Start Test Case : Verification: Verification accomplished successfully

2025-10-25 23:22:05 - [TEST_STEP][PASSED] - request = getInstance().getCurrentRequest(): null

2025-10-25 23:22:05 - [TEST_STEP][PASSED] - response = getInstance().getCurrentResponse(): null

2025-10-25 23:22:05 - [TEST_STEP][PASSED] - verifyResponseStatusCode(response, 204): Verify response status code successfully

2025-10-25 23:22:05 - [MESSAGE][PASSED] - Verify response status code successfully

2025-10-25 23:22:05 - [TEST_STEP][PASSED] - getStatusCode()).isEqualTo(204): null

2025-10-25 23:22:05 - [MESSAGE][PASSED] - Verify response successfully

2025-10-25 23:22:05 - [MESSAGE][PASSED] - Send request and verify the response successfully

2025-10-25 23:22:05 - [TEST_STEP][PASSED] - println(response.getResponseBodyContent()): null]]></system-out>
         <system-err><![CDATA[]]></system-err>
      </testcase>
      <system-out><![CDATA[2025-10-25 23:21:56 - [TEST_SUITE][ERROR] - Verify Schema json: Test Cases/Verifikasi Schema/GET - All Users FAILED.
Reason:
org.everit.json.schema.ValidationException: #/98/job_level: #: only 1 subschema matches out of 2
	at org.everit.json.schema.ValidationException.copy(ValidationException.java:486)
	at org.everit.json.schema.DefaultValidator.performValidation(Validator.java:76)
	at org.everit.json.schema.Schema.validate(Schema.java:152)
	at org.everit.json.schema.Schema$validate.call(Unknown Source)
	at GET - All Users.run(GET - All Users:37)
	at com.kms.katalon.core.main.ScriptEngine.run(ScriptEngine.java:194)
	at com.kms.katalon.core.main.ScriptEngine.runScriptAsRawText(ScriptEngine.java:119)
	at com.kms.katalon.core.main.TestCaseExecutor.runScript(TestCaseExecutor.java:445)
	at com.kms.katalon.core.main.TestCaseExecutor.doExecute(TestCaseExecutor.java:436)
	at com.kms.katalon.core.main.TestCaseExecutor.processExecutionPhase(TestCaseExecutor.java:415)
	at com.kms.katalon.core.main.TestCaseExecutor.accessMainPhase(TestCaseExecutor.java:407)
	at com.kms.katalon.core.main.TestCaseExecutor.execute(TestCaseExecutor.java:284)
	at com.kms.katalon.core.common.CommonExecutor.accessTestCaseMainPhase(CommonExecutor.java:65)
	at com.kms.katalon.core.main.TestSuiteExecutor.accessTestSuiteMainPhase(TestSuiteExecutor.java:144)
	at com.kms.katalon.core.main.TestSuiteExecutor.execute(TestSuiteExecutor.java:106)
	at com.kms.katalon.core.main.TestCaseMain.startTestSuite(TestCaseMain.java:185)
	at com.kms.katalon.core.main.TestCaseMain$startTestSuite$0.call(Unknown Source)
	at TempTestSuite1761409299013.run(TempTestSuite1761409299013.groovy:36)]]></system-out>
      <system-err><![CDATA[2025-10-25 23:21:56 - [TEST_SUITE][ERROR] - Verify Schema json: Test Cases/Verifikasi Schema/GET - All Users FAILED.
Reason:
org.everit.json.schema.ValidationException: #/98/job_level: #: only 1 subschema matches out of 2
	at org.everit.json.schema.ValidationException.copy(ValidationException.java:486)
	at org.everit.json.schema.DefaultValidator.performValidation(Validator.java:76)
	at org.everit.json.schema.Schema.validate(Schema.java:152)
	at org.everit.json.schema.Schema$validate.call(Unknown Source)
	at GET - All Users.run(GET - All Users:37)
	at com.kms.katalon.core.main.ScriptEngine.run(ScriptEngine.java:194)
	at com.kms.katalon.core.main.ScriptEngine.runScriptAsRawText(ScriptEngine.java:119)
	at com.kms.katalon.core.main.TestCaseExecutor.runScript(TestCaseExecutor.java:445)
	at com.kms.katalon.core.main.TestCaseExecutor.doExecute(TestCaseExecutor.java:436)
	at com.kms.katalon.core.main.TestCaseExecutor.processExecutionPhase(TestCaseExecutor.java:415)
	at com.kms.katalon.core.main.TestCaseExecutor.accessMainPhase(TestCaseExecutor.java:407)
	at com.kms.katalon.core.main.TestCaseExecutor.execute(TestCaseExecutor.java:284)
	at com.kms.katalon.core.common.CommonExecutor.accessTestCaseMainPhase(CommonExecutor.java:65)
	at com.kms.katalon.core.main.TestSuiteExecutor.accessTestSuiteMainPhase(TestSuiteExecutor.java:144)
	at com.kms.katalon.core.main.TestSuiteExecutor.execute(TestSuiteExecutor.java:106)
	at com.kms.katalon.core.main.TestCaseMain.startTestSuite(TestCaseMain.java:185)
	at com.kms.katalon.core.main.TestCaseMain$startTestSuite$0.call(Unknown Source)
	at TempTestSuite1761409299013.run(TempTestSuite1761409299013.groovy:36)]]></system-err>
   </testsuite>
</testsuites>
